<?xml version="1.0" encoding="UTF-8"?>
<testng-results skipped="0" failed="0" ignored="0" total="1" passed="1">
  <reporter-output>
  </reporter-output>
  <suite name="Default suite" duration-ms="25369" started-at="2017-07-17T10:00:48Z" finished-at="2017-07-17T10:01:13Z">
    <groups>
    </groups>
    <test name="Default test" duration-ms="25369" started-at="2017-07-17T10:00:48Z" finished-at="2017-07-17T10:01:13Z">
      <class name="Testcases.SearchProduct">
        <test-method status="PASS" signature="openApplication()[pri:0, instance:Testcases.SearchProduct@5b275dab]" name="openApplication" is-config="true" duration-ms="19393" started-at="2017-07-17T17:00:48Z" finished-at="2017-07-17T17:01:07Z">
          <reporter-output>
          </reporter-output>
        </test-method> <!-- openApplication -->
        <test-method status="PASS" signature="initDataForSearching()[pri:0, instance:Testcases.SearchProduct@5b275dab]" name="initDataForSearching" is-config="true" duration-ms="1684" started-at="2017-07-17T17:01:07Z" finished-at="2017-07-17T17:01:09Z">
          <reporter-output>
          </reporter-output>
        </test-method> <!-- initDataForSearching -->
        <test-method status="PASS" signature="searchProduct()[pri:0, instance:Testcases.SearchProduct@5b275dab]" name="searchProduct" duration-ms="4252" started-at="2017-07-17T17:01:09Z" finished-at="2017-07-17T17:01:13Z">
          <reporter-output>
          </reporter-output>
        </test-method> <!-- searchProduct -->
      </class> <!-- Testcases.SearchProduct -->
    </test> <!-- Default test -->
  </suite> <!-- Default suite -->
</testng-results>
